Executing notification  task
No expired CIDs found
Executing notification  task
Executing notification  task
No expired CIDs found
No expired CIDs found
Executing notification  task
Executing notification  task
No expired CIDs found
No expired CIDs found
Executing notification  task
No expired CIDs found
Executing notification  task
No expired CIDs found
Executing notification  task
No expired CIDs found
Executing notification  task
No expired CIDs found
Executing notification  task
Executing notification  task
No expired CIDs found
Executing notification  task
No expired CIDs found
Executing notification  task
Executing notification  task
No expired CIDs found
Executing notification  task
No expired CIDs found
Executing notification  task
No expired CIDs found
Executing notification  task
No expired CIDs found
Executing notification  task
No expired CIDs found
Executing notification  task
No expired CIDs found
Executing notification  task
No expired CIDs found
Executing notification  task
No expired CIDs found
Executing notification  task
No expired CIDs found
Executing notification  task
No expired CIDs found
Executing notification  task
No expired CIDs found
Executing notification  task
No expired CIDs found
Executing notification  task
No expired CIDs found
Executing notification  task
No expired CIDs found
Executing notification  task
No expired CIDs found
Executing notification  task
No expired CIDs found
Executing notification  task
No expired CIDs found
Executing notification  task
No expired CIDs found
No expired CIDs found
Executing notification  task
Executing notification  task
No expired CIDs found
Executing notification  task
No expired CIDs found
Executing notification  task
Executing notification  task
No expired CIDs found
Executing notification  task
No expired CIDs found
Executing notification  task
No expired CIDs found
Executing notification  task
No expired CIDs found
Executing notification  task
Executing notification  task
No expired CIDs found
Executing notification  task
No expired CIDs found
Executing notification  task
No expired CIDs found
Executing notification  task
No expired CIDs found
Executing notification  task
No expired CIDs found
Executing notification  task
No expired CIDs found
Executing notification  task
No expired CIDs found
Executing notification  task
No expired CIDs found
Executing notification  task
No expired CIDs found
Executing notification  task
No expired CIDs found
Executing notification  task
No expired CIDs found
No expired CIDs found
Executing notification  task
Executing notification  task
No expired CIDs found
No expired CIDs found
Executing notification  task
Executing notification  task
Executing notification  task
Executing notification  task
No expired CIDs found
No expired CIDs found
Executing notification  task
No expired CIDs found
Executing notification  task
No expired CIDs found
Executing notification  task
No expired CIDs found
Executing notification  task
No expired CIDs found
Executing notification  task
Executing notification  task
No expired CIDs found
Executing notification  task
No expired CIDs found
Executing notification  task
No expired CIDs found
Executing notification  task
No expired CIDs found
Executing notification  task
No expired CIDs found
Executing notification  task
No expired CIDs found
Executing notification  task
No expired CIDs found
Executing notification  task
No expired CIDs found
Executing notification  task
No expired CIDs found
Executing notification  task
No expired CIDs found
Executing notification  task
No expired CIDs found
Executing notification  task
No expired CIDs found
Executing notification  task
No expired CIDs found
Executing notification  task
No expired CIDs found
Executing notification  task
No expired CIDs found
Executing notification  task
No expired CIDs found
Executing notification  task
No expired CIDs found
Executing notification  task
No expired CIDs found
Executing notification  task
No expired CIDs found
Executing notification  task
No expired CIDs found
Executing notification  task
No expired CIDs found
Executing notification  task
No expired CIDs found
Executing notification  task
No expired CIDs found
Executing notification  task
No expired CIDs found
Executing notification  task
No expired CIDs found
Executing notification  task
No expired CIDs found
Executing notification  task
No expired CIDs found
Executing notification  task
No expired CIDs found
No expired CIDs found
Executing notification  task
Executing notification  task
No expired CIDs found
Executing notification  task
No expired CIDs found
Executing notification  task
No expired CIDs found
Executing notification  task
No expired CIDs found
Executing notification  task
No expired CIDs found
Executing notification  task
No expired CIDs found
Executing notification  task
No expired CIDs found
Executing notification  task
No expired CIDs found
Executing notification  task
No expired CIDs found
Executing notification  task
No expired CIDs found
Executing notification  task
No expired CIDs found
Executing notification  task
No expired CIDs found
Executing notification  task
No expired CIDs found
Executing notification  task
No expired CIDs found
Executing notification  task
No expired CIDs found
Executing notification  task
No expired CIDs found
Executing notification  task
No expired CIDs found
Executing notification  task
No expired CIDs found
Executing notification  task
No expired CIDs found
Executing notification  task
No expired CIDs found
Executing notification  task
No expired CIDs found
Executing notification  task
No expired CIDs found
No expired CIDs found
Executing notification  task
Executing notification  task
No expired CIDs found
Executing notification  task
No expired CIDs found
Executing notification  task
Executing notification  task
No expired CIDs found
Executing notification  task
No expired CIDs found
Executing notification  task
No expired CIDs found
No expired CIDs found
Executing notification  task
Executing notification  task
No expired CIDs found
Executing notification  task
No expired CIDs found
Executing notification  task
No expired CIDs found
No expired CIDs found
Executing notification  task
No expired CIDs found
Executing notification  task
No expired CIDs found
Executing notification  task
No expired CIDs found
Executing notification  task
File retrieved successfully for CID QmXs4NmV9H3RNSAH5e63nAsXcwJ3KkhkZQZMC9RaKCoH9s
Task failed: Decryption failed: possibly wrong password or corrupted data.
Executing notification  task
No expired CIDs found
Executing notification  task
No expired CIDs found
Executing notification  task
No expired CIDs found
Executing notification  task
No expired CIDs found
Executing notification  task
No expired CIDs found
Executing notification  task
Executing notification  task
No expired CIDs found
Executing notification  task
No expired CIDs found
Executing notification  task
No expired CIDs found
No expired CIDs found
Executing notification  task
No expired CIDs found
Executing notification  task
No expired CIDs found
Executing notification  task
Executing notification  task
No expired CIDs found
No expired CIDs found
Executing notification  task
Executing notification  task
No expired CIDs found
No expired CIDs found
Executing notification  task
Executing notification  task
No expired CIDs found
No expired CIDs found
Executing notification  task
Executing notification  task
No expired CIDs found
No expired CIDs found
Executing notification  task
Executing notification  task
Executing notification  task
Executing notification  task
Executing notification  task
Executing notification  task
No expired CIDs found
No expired CIDs found
No expired CIDs found
Executing notification  task
Executing notification  task
No expired CIDs found
No expired CIDs found
No expired CIDs found
Executing notification  task
Executing notification  task
No expired CIDs found
No expired CIDs found
Executing notification  task
Executing notification  task
Executing notification  task
Executing notification  task
Executing notification  task
Executing notification  task
No expired CIDs found
No expired CIDs found
No expired CIDs found
No expired CIDs found
No expired CIDs found
Executing notification  task
Executing notification  task
No expired CIDs found
No expired CIDs found
File retrieved successfully for CID QmaZbu2Bwgmfe3jddWfGzw9sfv4wTG9qm2jnG4gPeSw61U
Task failed: Decryption failed: possibly wrong password or corrupted data.
File retrieved successfully for CID QmaZbu2Bwgmfe3jddWfGzw9sfv4wTG9qm2jnG4gPeSw61U
Task failed: Decryption failed: possibly wrong password or corrupted data.
Executing notification  task
File retrieved successfully for CID QmTwmPxZ5eKXgvYuNM2bv6GPTQCSq8G353CDbMGXPd721A
Task failed: Decryption failed: possibly wrong password or corrupted data.
Executing notification  task
No expired CIDs found
Executing notification  task
No expired CIDs found
Executing notification  task
No expired CIDs found
Executing notification  task
No expired CIDs found
Executing notification  task
File retrieved successfully for CID QmehTBgG955qdcp37GVuGQh3Jz7JAmx3aLH21T4z5e9788
Email sent successfully for CID QmehTBgG955qdcp37GVuGQh3Jz7JAmx3aLH21T4z5e9788
Executing notification  task
No expired CIDs found
Executing notification  task
No expired CIDs found
Executing notification  task
No expired CIDs found
Executing notification  task
File retrieved successfully for CID QmW6KMUwZTvizj9XhqnGykVXDGphzwQKtdFWrCZ5ZCCf7S
Email sent successfully for CID QmW6KMUwZTvizj9XhqnGykVXDGphzwQKtdFWrCZ5ZCCf7S
Executing notification  task
No expired CIDs found
Executing notification  task
No expired CIDs found
Executing notification  task
No expired CIDs found
Executing notification  task
No expired CIDs found
Executing notification  task
No expired CIDs found
Executing notification  task
No expired CIDs found
Executing notification  task
No expired CIDs found
Executing notification  task
No expired CIDs found
Executing notification  task
Executing notification  task
File retrieved successfully for CID Qmadu9EKUyhxiN27ZBg7XP3m7mxYAzV9THzKLxXpfmVpXa
Email sent successfully for CID Qmadu9EKUyhxiN27ZBg7XP3m7mxYAzV9THzKLxXpfmVpXa
Executing notification  task
File retrieved successfully for CID QmXnzGnVtsH1Mi2ZtZ62NrCGDKjVx6U5aHgZ9nBKFDBN8B
Task failed: Decryption failed: possibly wrong password or corrupted data.
Executing notification  task
No expired CIDs found
Executing notification  task
No expired CIDs found
Executing notification  task
No expired CIDs found
Executing notification  task
No expired CIDs found
Executing notification  task
No expired CIDs found
Executing notification  task
Executing notification  task
No expired CIDs found
Executing notification  task
File retrieved successfully for CID QmRJPsPSTWg3uWGjtXc5QJonXvVHrKC84uzZNZUFBywuLx
Task failed: decrypt_aes256_cbc() takes 2 positional arguments but 3 were given
Executing notification  task
No expired CIDs found
Executing notification  task
File retrieved successfully for CID QmeiuyJNK9kiTm6i9v8Xnj3WC4TGMvtSFFAWRH4y5eAbAY
Task failed: name 'PBKDF2' is not defined
Executing notification  task
No expired CIDs found
Executing notification  task
No expired CIDs found
Executing notification  task
File retrieved successfully for CID QmZRwoCZMFkhsHKf9q9uUGVEEggF4XP4HzQ8fGdrTiywz6
Email sent successfully for CID QmZRwoCZMFkhsHKf9q9uUGVEEggF4XP4HzQ8fGdrTiywz6
Executing notification  task
No expired CIDs found
Executing notification  task
File retrieved successfully for CID QmSSSDwsjX9ng76eh2GFhwDeb2cUawtGyqr7gYU1AkT8Wz
Email sent successfully for CID QmSSSDwsjX9ng76eh2GFhwDeb2cUawtGyqr7gYU1AkT8Wz
File retrieved successfully for CID QmRG61CcXfJh9ma31haCw72PX4cq2FBg8cQsCDqWYPV3EB
Email sent successfully for CID QmRG61CcXfJh9ma31haCw72PX4cq2FBg8cQsCDqWYPV3EB
File retrieved successfully for CID QmNgjNpkCEQU6UAbcM3SrKXHZTe2nrxcuiAYdDE3HzzfL2
Email sent successfully for CID QmNgjNpkCEQU6UAbcM3SrKXHZTe2nrxcuiAYdDE3HzzfL2
Executing notification  task
No expired CIDs found
Executing notification  task
No expired CIDs found
Executing notification  task
No expired CIDs found
Executing notification  task
No expired CIDs found
Executing notification  task
No expired CIDs found
Executing notification  task
No expired CIDs found
Executing notification  task
No expired CIDs found
Executing notification  task
No expired CIDs found
Executing notification  task
No expired CIDs found
Executing notification  task
Task failed: name 'contract' is not defined
Executing notification  task
Task failed: name 'contract' is not defined
Executing notification  task
Task failed: 'NoneType' object has no attribute 'email'
Executing notification  task
Task failed: 'NoneType' object has no attribute 'email'
Executing notification  task
Task failed: name 'cids' is not defined
Executing notification  task
Task failed: name 'cids' is not defined
Executing notification  task
Task failed: name 'cids' is not defined
Executing notification  task
Task failed: name 'cids' is not defined
Executing notification  task
Task failed: name 'cids' is not defined
Executing notification  task
Task failed: name 'cids' is not defined
Executing notification  task
Task failed: name 'cids' is not defined
Executing notification  task
No expired CIDs found
Executing notification  task
No expired CIDs found
Executing notification  task
No expired CIDs found
Executing notification  task
No expired CIDs found
Executing notification  task
No expired CIDs found
Executing notification  task
No expired CIDs found
Executing notification  task
No expired CIDs found
Executing notification  task
No expired CIDs found
Executing notification  task
No expired CIDs found
Executing notification  task
No expired CIDs found
Executing notification  task
No expired CIDs found
Executing notification  task
No expired CIDs found
Executing notification  task
No expired CIDs found
Executing notification  task
No expired CIDs found
Executing notification  task
No expired CIDs found
Executing notification  task
No expired CIDs found
Executing notification  task
No expired CIDs found
Executing notification  task
Task failed: 'NoneType' object has no attribute 'email'
Executing notification  task
No expired CIDs found
Executing notification  task
No expired CIDs found
Executing notification  task
No expired CIDs found
Executing notification  task
No expired CIDs found
Executing notification  task
Task failed: 'NoneType' object has no attribute 'email'
Executing notification  task
File retrieved successfully for CID QmfMtGoYcgSrSQMx1pX83LyQyevboeZCbM1rN3KzjB91aS
Task failed: send_email_with_attachment() got an unexpected keyword argument 'time_diffrance'
Executing notification  task
No expired CIDs found
Executing notification  task
No expired CIDs found
Executing notification  task
No expired CIDs found
Executing notification  task
File retrieved successfully for CID QmYwwAk364o65uKgvDfVYzKBhCknYgcuixmyJHyJUqbqzN
Task failed: send_email_with_attachment() got an unexpected keyword argument 'time_diffrance'
Executing notification  task
File retrieved successfully for CID QmcuB1tpPNgAT5AUpuQh8EnjQxmJKrc6vfwgM6cfAkLBZ2
Task failed: send_email_with_attachment() got an unexpected keyword argument 'time_diffrance'
Executing notification  task
No expired CIDs found
Executing notification  task
File retrieved successfully for CID QmYXunseb2JMjQip7e3o5dLAkZbSxGwb9hrHtKkjH54nTY
Email sent successfully for CID QmYXunseb2JMjQip7e3o5dLAkZbSxGwb9hrHtKkjH54nTY
File retrieved successfully for CID QmPrEmvZevW3SZpTPjmtPRotbTVfD81hiyneFeHtMg9Daf
Email sent successfully for CID QmPrEmvZevW3SZpTPjmtPRotbTVfD81hiyneFeHtMg9Daf
Executing notification  task
No expired CIDs found
Executing notification  task
No expired CIDs found
Executing notification  task
No expired CIDs found
Executing notification  task
No expired CIDs found
Executing notification  task
No expired CIDs found
Executing notification  task
File retrieved successfully for CID QmfTu35TW4vwPkRPme5XG5cVLg3KpheWrTAsdKCiGVSSir
Email sent successfully for CID QmfTu35TW4vwPkRPme5XG5cVLg3KpheWrTAsdKCiGVSSir
Executing notification  task
File retrieved successfully for CID QmfTu35TW4vwPkRPme5XG5cVLg3KpheWrTAsdKCiGVSSir
Email sent successfully for CID QmfTu35TW4vwPkRPme5XG5cVLg3KpheWrTAsdKCiGVSSir
Executing notification  task
File retrieved successfully for CID QmRGWxKQdT8qXLKnUnE8i4Th52zkNoAf8F8A3qtBPTTgMJ
Email sent successfully for CID QmRGWxKQdT8qXLKnUnE8i4Th52zkNoAf8F8A3qtBPTTgMJ
Executing notification  task
No expired CIDs found
Executing notification  task
No expired CIDs found
Executing notification  task
No expired CIDs found
Executing notification  task
No expired CIDs found
Executing notification  task
No expired CIDs found
Executing notification  task
No expired CIDs found
Executing notification  task
No expired CIDs found
Executing notification  task
File retrieved successfully for CID QmZzPNCy18BDfEs2b2u9UtKUVDJevSgiTFGsJHVxZp6sdZ
Email sent successfully for CID QmZzPNCy18BDfEs2b2u9UtKUVDJevSgiTFGsJHVxZp6sdZ
File retrieved successfully for CID QmPmMMTzsbMbYve7bQuHYKkVTbXRL4Dqrb4wXb4dmrZeFq
Email sent successfully for CID QmPmMMTzsbMbYve7bQuHYKkVTbXRL4Dqrb4wXb4dmrZeFq
Executing notification  task
No expired CIDs found
Executing notification  task
No expired CIDs found
Executing notification  task
No expired CIDs found
Executing notification  task
No expired CIDs found
Executing notification  task
No expired CIDs found
Executing notification  task
No expired CIDs found
Executing notification  task
No expired CIDs found
Executing notification  task
No expired CIDs found
Executing notification  task
No expired CIDs found
Executing notification  task
No expired CIDs found
Executing notification  task
No expired CIDs found
Executing notification  task
No expired CIDs found
Executing notification  task
No expired CIDs found
Executing notification  task
No expired CIDs found
Executing notification  task
No expired CIDs found
Executing notification  task
No expired CIDs found
Executing notification  task
No expired CIDs found
Executing notification  task
No expired CIDs found
Executing notification  task
No expired CIDs found
Executing notification  task
No expired CIDs found
Executing notification  task
No expired CIDs found
Executing notification  task
No expired CIDs found
Executing notification  task
No expired CIDs found
Executing notification  task
File retrieved successfully for CID QmTUrNhtqDJcWwMXJueChdqQcErH2o74aX3zFNwWoEwxKp
Email sent successfully for CID QmTUrNhtqDJcWwMXJueChdqQcErH2o74aX3zFNwWoEwxKp
Executing notification  task
File retrieved successfully for CID QmfLanoXwmL681KFbTn3SJ7VPbSgsWhjpXzJPY877i92TQ
Email sent successfully for CID QmfLanoXwmL681KFbTn3SJ7VPbSgsWhjpXzJPY877i92TQ
Executing notification  task
No expired CIDs found
Executing notification  task
Task failed: 'NoneType' object has no attribute 'email'
Executing notification  task
No expired CIDs found
Executing notification  task
No expired CIDs found
Executing notification  task
No expired CIDs found
Executing notification  task
No expired CIDs found
Executing notification  task
No expired CIDs found
Executing notification  task
No expired CIDs found
Executing notification  task
No expired CIDs found
Executing notification  task
No expired CIDs found
Executing notification  task
No expired CIDs found
Executing notification  task
No expired CIDs found
Executing notification  task
No expired CIDs found
Executing notification  task
No expired CIDs found
Executing notification  task
No expired CIDs found
Executing notification  task
No expired CIDs found
Executing notification  task
No expired CIDs found
Executing notification  task
No expired CIDs found
Executing notification  task
No expired CIDs found
Executing notification  task
No expired CIDs found
Executing notification  task
No expired CIDs found
Executing notification  task
No expired CIDs found
Executing notification  task
No expired CIDs found
Executing notification  task
No expired CIDs found
Executing notification  task
No expired CIDs found
Executing notification  task
Task failed: 'NoneType' object has no attribute 'email'
Executing notification  task
Task failed: 'NoneType' object has no attribute 'email'
Executing notification  task
No expired CIDs found
Executing notification  task
No expired CIDs found
Executing notification  task
No expired CIDs found
Executing notification  task
No expired CIDs found
Executing notification  task
No expired CIDs found
Executing notification  task
No expired CIDs found
Executing notification  task
No expired CIDs found
Executing notification  task
File retrieved successfully for CID QmPnG3oRbyeErnnsAkRtSvkDQhL9A9DWJvg3TBQ2Sb3DRP
Email sent successfully for CID QmPnG3oRbyeErnnsAkRtSvkDQhL9A9DWJvg3TBQ2Sb3DRP
Executing notification  task
File retrieved successfully for CID QmPnG3oRbyeErnnsAkRtSvkDQhL9A9DWJvg3TBQ2Sb3DRP
Email sent successfully for CID QmPnG3oRbyeErnnsAkRtSvkDQhL9A9DWJvg3TBQ2Sb3DRP
File retrieved successfully for CID QmS1jTkHMGr1v8z4xgXWqaN7wMRDvy7A712cLgQnP86Tm8
Email sent successfully for CID QmS1jTkHMGr1v8z4xgXWqaN7wMRDvy7A712cLgQnP86Tm8
Executing notification  task
No expired CIDs found
Executing notification  task
No expired CIDs found
Executing notification  task
No expired CIDs found
Executing notification  task
No expired CIDs found
Executing notification  task
File retrieved successfully for CID QmS8ehe7znY98AgwS7sMFnnJJzHX7kQxEGniw3BpZmAX6X
Email sent successfully for CID QmS8ehe7znY98AgwS7sMFnnJJzHX7kQxEGniw3BpZmAX6X
File retrieved successfully for CID QmYMbxd2hMvfwhKYQpTHHLDaoNHCbGoUxNpTF8ALdZcTU1
Email sent successfully for CID QmYMbxd2hMvfwhKYQpTHHLDaoNHCbGoUxNpTF8ALdZcTU1
Executing notification  task
No expired CIDs found
Executing notification  task
No expired CIDs found
Executing notification  task
No expired CIDs found
Executing notification  task
No expired CIDs found
Executing notification  task
No expired CIDs found
Executing notification  task
No expired CIDs found
Executing notification  task
No expired CIDs found
Executing notification  task
No expired CIDs found
Executing notification  task
File retrieved successfully for CID QmSYkjzMLCLyskKKBu1dYJgW12DBuUNtWNWe2As6BJdCq7
Email sent successfully for CID QmSYkjzMLCLyskKKBu1dYJgW12DBuUNtWNWe2As6BJdCq7
File retrieved successfully for CID QmQtirCcMjQhaShZax92umN9MapxzRx5H3trEVH4DNHUjU
Email sent successfully for CID QmQtirCcMjQhaShZax92umN9MapxzRx5H3trEVH4DNHUjU
Executing notification  task
No expired CIDs found
Executing notification  task
No expired CIDs found
Executing notification  task
No expired CIDs found
